10-05-2021 21:55:51 Installing dependenices...
Reading package lists...
Building dependency tree...
Reading state information...
autoconf is already the newest version (2.69-11.1).
automake is already the newest version (1:1.16.1-4ubuntu6).
libtool is already the newest version (2.4.6-14).
git is already the newest version (1:2.25.1-1ubuntu3.2).
build-essential is already the newest version (12.8ubuntu1.1).
0 upgraded, 0 newly installed, 0 to remove and 0 not upgraded.
10-05-2021 21:55:56 Installing Java...
10-05-2021 21:55:56 Removing temp dir /home/servadmin/temp
10-05-2021 21:55:56 Downloading zulu17.28.13-ca-jdk17.0.0-linux_aarch64.tar.gz to /home/servadmin/temp
10-05-2021 21:56:53 Extracting zulu17.28.13-ca-jdk17.0.0-linux_aarch64.tar.gz to /home/servadmin/temp
10-05-2021 21:57:05 Removing /usr/lib/jvm/jdk17
10-05-2021 21:57:05 Moving /home/servadmin/temp/zulu17.28.13-ca-jdk17.0.0-linux_aarch64 to /usr/lib/jvm/jdk17
10-05-2021 21:57:09 JAVA_HOME already exists, deleting
10-05-2021 21:57:10 Adding JAVA_HOME to /etc/environment
10-05-2021 21:57:10 JAVA_HOME = /usr/lib/jvm/jdk17
10-05-2021 21:57:10 Installing Maven apache-maven-3.8.3...
10-05-2021 21:57:10 Downloading http://www.gtlib.gatech.edu/pub/apache/maven/maven-3/3.8.3/binaries/apache-maven-3.8.3-bin.tar.gzapache-maven-3.8.3-bin.tar.gz to /home/servadmin/temp     
10-05-2021 21:57:15 Extracting /home/servadmin/temp/apache-maven-3.8.3-bin.tar.gz to /home/servadmin/temp
10-05-2021 21:57:15 Removing /opt/maven
10-05-2021 21:57:16 Moving /home/servadmin/temp/apache-maven-3.8.3 to /opt/maven
10-05-2021 21:57:16 M2_HOME already exists
10-05-2021 21:57:16 PATH = /usr/local/sbin:/usr/local/bin:/usr/sbin:/usr/bin:/sbin:/bin:/usr/games:/usr/local/games:/snap/bin
10-05-2021 21:57:16 Removing /home/servadmin/temp
10-05-2021 21:57:16 Removing hawtjni
10-05-2021 21:57:16 Cloning HawtJNI...
Cloning into 'hawtjni'...
10-05-2021 21:57:38 Building HawtJNI...
10-05-2021 22:00:04 Building Java Periphery...
